2021-01-11 17:48:37.385  - debug: sourceanalytix.0 (16116) Watt to kWh for javascript.0.sourceanalytixTest.watts current reading : 0 previousReading : {"stateDetails":{"alias":"","consumption":false,"costs":false,"deviceName":"javascript__0__sourceanalytixTest__watts","financialCategory":"costs","headCategory":"consumed","meter_values":false,"name":"watts","stateType":"Electricity","stateUnit":"W","useUnit":"kWh"},"calcValues":{"cumulativeValue":0,"start_day":0,"start_month":0,"start_quarter":0,"start_week":0,"start_year":0,"valueAtDeviceReset":0,"valueAtDeviceInit":null,"previousReadingWatt":1500,"previousReadingWattTs":1610383687377},"prices":{"basicPrice":"0","unitPrice":"0.14184"}}
2021-01-11 17:48:37.386  - debug: sourceanalytix.0 (16116) Result of watt to kWh : 12.49875
2021-01-11 17:48:37.386  - debug: sourceanalytix.0 (16116) currentReadingWatt : 0
2021-01-11 17:48:37.387  - debug: sourceanalytix.0 (16116) currentReadingWattTs  : 1610383717374
2021-01-11 17:48:37.388  - debug: sourceanalytix.0 (16116) previousReadingWatt : 1500
2021-01-11 17:48:37.388  - debug: sourceanalytix.0 (16116) previousReadingWattTs : 1500
2021-01-11 17:48:37.389  - debug: sourceanalytix.0 (16116) Watt to kWh outcome for javascript.0.sourceanalytixTest.watts : {"cumulativeValue":0,"start_day":0,"start_month":0,"start_quarter":0,"start_week":0,"start_year":0,"valueAtDeviceReset":0,"valueAtDeviceInit":null,"previousReadingWatt":0,"previousReadingWattTs":1610383717374}
2021-01-11 17:48:37.390  - debug: sourceanalytix.0 (16116) Recalculated value 12.49875
2021-01-11 17:48:37.390  - debug: sourceanalytix.0 (16116) Set calculated value 12.49875 on state : javascript__0__sourceanalytixTest__watts.cumulativeReading}
2021-01-11 17:48:37.392  - debug: sourceanalytix.0 (16116) ActiveStatesArray {"cumulativeValue":12.49875,"start_day":0,"start_month":0,"start_quarter":0,"start_week":0,"start_year":0,"valueAtDeviceReset":0,"valueAtDeviceInit":null,"previousReadingWatt":0,"previousReadingWattTs":1610383717374})
2021-01-11 17:48:37.394  - debug: sourceanalytix.0 (16116) roundDigits with 12.49875 rounded 12.499
2021-01-11 17:48:37.430  - debug: sourceanalytix.0 (16116) previousCalculationRounded for javascript.0.sourceanalytixTest.watts : {}
2021-01-11 17:48:37.432  - debug: sourceanalytix.0 (16116) roundDigits with 12.49875 rounded 12.499
2021-01-11 17:48:37.433  - debug: sourceanalytix.0 (16116) roundDigits with 12.49875 rounded 12.499
2021-01-11 17:48:37.434  - debug: sourceanalytix.0 (16116) roundDigits with 12.49875 rounded 12.499
2021-01-11 17:48:37.435  - debug: sourceanalytix.0 (16116) roundDigits with 12.49875 rounded 12.499
2021-01-11 17:48:37.436  - debug: sourceanalytix.0 (16116) roundDigits with 12.49875 rounded 12.499
2021-01-11 17:48:37.438  - debug: sourceanalytix.0 (16116) roundCosts with 1.7728226999999999 rounded 1.77
2021-01-11 17:48:37.439  - debug: sourceanalytix.0 (16116) roundCosts with 1.7728226999999999 rounded 1.77
2021-01-11 17:48:37.441  - debug: sourceanalytix.0 (16116) roundCosts with 1.7728226999999999 rounded 1.77
2021-01-11 17:48:37.442  - debug: sourceanalytix.0 (16116) roundCosts with 1.7728226999999999 rounded 1.77
2021-01-11 17:48:37.443  - debug: sourceanalytix.0 (16116) roundCosts with 1.7728226999999999 rounded 1.77
2021-01-11 17:48:37.444  - debug: sourceanalytix.0 (16116) Calculation for javascript.0.sourceanalytixTest.watts : {"consumedDay":12.49875,"consumedWeek":12.49875,"consumedMonth":12.49875,"consumedQuarter":12.49875,"consumedYear":12.49875,"priceDay":1.7728226999999999,"priceWeek":1.7728226999999999,"priceMonth":1.7728226999999999,"priceQuarter":1.7728226999999999,"priceYear":1.7728226999999999}
2021-01-11 17:48:37.445  - debug: sourceanalytix.0 (16116) CalculationRounded for javascript.0.sourceanalytixTest.watts : {"consumedDay":12.499,"consumedWeek":12.499,"consumedMonth":12.499,"consumedQuarter":12.499,"consumedYear":12.499,"priceDay":1.77,"priceWeek":1.77,"priceMonth":1.77,"priceQuarter":1.77,"priceYear":1.77}

2021-01-11 17:48:37.447  - debug: sourceanalytix.0 (16116) Meter Calculation executed consumed data for javascript.0.sourceanalytixTest.watts : {"consumedDay":12.499,"consumedWeek":12.499,"consumedMonth":12.499,"consumedQuarter":12.499,"consumedYear":12.499,"priceDay":1.77,"priceWeek":1.77,"priceMonth":1.77,"priceQuarter":1.77,"priceYear":1.77}